INFO:app.ml.config.persistent_registry:\U0001f504 Loading existing models on startup...
INFO:app.ml.config.persistent_registry:\U0001f4c2 Loaded 12 models from registry file
INFO:app.ml.config.persistent_registry:\U0001f4c2 Found 12 model files
INFO:app.ml.config.persistent_registry:\u2705 Startup complete: 12 models loaded
INFO:app.ml.config.persistent_registry:   From registry file: 12
INFO:app.ml.config.persistent_registry:   From file scanning: 0
INFO:app.ml.config.persistent_registry:\u2705 PersistentModelRegistry initialized with 12 models
INFO:app.ml.preprocessing.data_processor:Initialized CryptoPriceDataProcessor with standard scaling
INFO:app.ml.training.training_service:MLTrainingService initialized with existing components
INFO:app.ml.preprocessing.data_processor:Initialized CryptoPriceDataProcessor with standard scaling
INFO:app.ml.prediction.prediction_service:Redis connection established for prediction optimization
INFO:app.ml.prediction.prediction_service:Optimized prediction service initialized
INFO:flower.command:Visit me at http://0.0.0.0:5555
INFO:flower.command:Broker: redis://127.0.0.1:6379/0
INFO:flower.command:Registered tasks: 
['app.tasks.celery_app.debug_task',
 'app.tasks.celery_app.health_check',
 'app.tasks.price_collector.cleanup_old_data',
 'app.tasks.price_collector.discover_new_cryptocurrencies',
 'app.tasks.price_collector.get_task_status',
 'app.tasks.price_collector.sync_all_prices',
 'app.tasks.price_collector.sync_historical_data',
 'app.tasks.price_collector.sync_specific_cryptocurrency',
 'celery.accumulate',
 'celery.backend_cleanup',
 'celery.chain',
 'celery.chord',
 'celery.chord_unlock',
 'celery.chunks',
 'celery.group',
 'celery.map',
 'celery.starmap',
 'ml_tasks.auto_train_models',
 'ml_tasks.cleanup_old_predictions',
 'ml_tasks.evaluate_model_performance',
 'ml_tasks.generate_scheduled_predictions']
Traceback (most recent call last):
  File "<frozen runpy>", line 198, in _run_module_as_main
  File "<frozen runpy>", line 88, in _run_code
  File "D:\install\Projects\crypto_predict\backend\venv\Lib\site-packages\celery\__main__.py", line 19, in <module>
    main()
  File "D:\install\Projects\crypto_predict\backend\venv\Lib\site-packages\celery\__main__.py", line 15, in main
    sys.exit(_main())
             ^^^^^^^
  File "D:\install\Projects\crypto_predict\backend\venv\Lib\site-packages\celery\bin\celery.py", line 236, in main
    return celery(auto_envvar_prefix="CELERY")
           ^^^^^^^^^^^^^^^^^^^^^^^^^^^^^^^^^^^
  File "D:\install\Projects\crypto_predict\backend\venv\Lib\site-packages\click\core.py", line 1157, in __call__
    return self.main(*args, **kwargs)
           ^^^^^^^^^^^^^^^^^^^^^^^^^^
  File "D:\install\Projects\crypto_predict\backend\venv\Lib\site-packages\click\core.py", line 1078, in main
    rv = self.invoke(ctx)
         ^^^^^^^^^^^^^^^^
  File "D:\install\Projects\crypto_predict\backend\venv\Lib\site-packages\click\core.py", line 1688, in invoke
    return _process_result(sub_ctx.command.invoke(sub_ctx))
                           ^^^^^^^^^^^^^^^^^^^^^^^^^^^^^^^
  File "D:\install\Projects\crypto_predict\backend\venv\Lib\site-packages\click\core.py", line 1434, in invoke
    return ctx.invoke(self.callback, **ctx.params)
           ^^^^^^^^^^^^^^^^^^^^^^^^^^^^^^^^^^^^^^^
  File "D:\install\Projects\crypto_predict\backend\venv\Lib\site-packages\click\core.py", line 783, in invoke
    return __callback(*args, **kwargs)
           ^^^^^^^^^^^^^^^^^^^^^^^^^^^
  File "D:\install\Projects\crypto_predict\backend\venv\Lib\site-packages\click\decorators.py", line 33, in new_func
    return f(get_current_context(), *args, **kwargs)
           ^^^^^^^^^^^^^^^^^^^^^^^^^^^^^^^^^^^^^^^^^
  File "D:\install\Projects\crypto_predict\backend\venv\Lib\site-packages\flower\command.py", line 57, in flower
INFO:kombu.mixins:Connected to redis://127.0.0.1:6379/0
    flower_app.start()
  File "D:\install\Projects\crypto_predict\backend\venv\Lib\site-packages\flower\app.py", line 72, in start
    self.listen(self.options.port, address=self.options.address,
  File "D:\install\Projects\crypto_predict\backend\venv\Lib\site-packages\tornado\web.py", line 2270, in listen
    server.listen(
  File "D:\install\Projects\crypto_predict\backend\venv\Lib\site-packages\tornado\tcpserver.py", line 183, in listen
    sockets = bind_sockets(
              ^^^^^^^^^^^^^
  File "D:\install\Projects\crypto_predict\backend\venv\Lib\site-packages\tornado\netutil.py", line 162, in bind_sockets
    sock.bind(sockaddr)
OSError: [WinError 10048] Only one usage of each socket address (protocol/network address/port) is normally permitted
