=== New start Sat Aug  9 00:19:13 IST 2025 ===
INFO:app.ml.config.persistent_registry:\U0001f504 Loading existing models on startup...
INFO:app.ml.config.persistent_registry:\U0001f4c2 Loaded 12 models from registry file
INFO:app.ml.config.persistent_registry:\U0001f4c2 Found 12 model files
INFO:app.ml.config.persistent_registry:\u2705 Startup complete: 12 models loaded
INFO:app.ml.config.persistent_registry:   From registry file: 12
INFO:app.ml.config.persistent_registry:   From file scanning: 0
INFO:app.ml.config.persistent_registry:\u2705 PersistentModelRegistry initialized with 12 models
INFO:app.ml.preprocessing.data_processor:Initialized CryptoPriceDataProcessor with standard scaling
INFO:app.ml.training.training_service:MLTrainingService initialized with existing components
INFO:app.ml.preprocessing.data_processor:Initialized CryptoPriceDataProcessor with standard scaling
INFO:app.ml.prediction.prediction_service:Redis connection established for prediction optimization
INFO:app.ml.prediction.prediction_service:Optimized prediction service initialized
 
 -------------- data_worker@DESKTOP-M6P1TMF v5.3.4 (emerald-rush)
--- ***** ----- 
-- ******* ---- Windows-10-10.0.19045-SP0 2025-08-09 00:19:23
- *** --- * --- 
- ** ---------- [config]
- ** ---------- .> app:         crypto_predict:0x21f0ed6a240
- ** ---------- .> transport:   redis://127.0.0.1:6379/0
- ** ---------- .> results:     redis://127.0.0.1:6379/0
- *** --- * --- .> concurrency: 4 (eventlet)
-- ******* ---- .> task events: ON
--- ***** ----- 
 -------------- [queues]
                .> default          exchange=default(direct) key=default
                .> price_data       exchange=price_data(direct) key=price_data

[tasks]
  . app.tasks.celery_app.debug_task
  . app.tasks.celery_app.health_check
  . app.tasks.price_collector.cleanup_old_data
  . app.tasks.price_collector.discover_new_cryptocurrencies
  . app.tasks.price_collector.get_task_status
  . app.tasks.price_collector.sync_all_prices
  . app.tasks.price_collector.sync_historical_data
  . app.tasks.price_collector.sync_specific_cryptocurrency
  . ml_tasks.auto_train_models
  . ml_tasks.cleanup_old_predictions
  . ml_tasks.evaluate_model_performance
  . ml_tasks.generate_scheduled_predictions

[2025-08-09 00:19:23,426: INFO/MainProcess] Connected to redis://127.0.0.1:6379/0
[2025-08-09 00:19:23,676: INFO/MainProcess] mingle: searching for neighbors
[2025-08-09 00:19:25,441: INFO/MainProcess] mingle: all alone
[2025-08-09 00:19:25,692: INFO/MainProcess] pidbox: Connected to redis://127.0.0.1:6379/0.
[2025-08-09 00:19:25,879: INFO/MainProcess] data_worker@DESKTOP-M6P1TMF ready.
[2025-08-09 00:19:50,473: INFO/MainProcess] sync with ml_worker@DESKTOP-M6P1TMF
[2025-08-09 00:22:00,438: INFO/MainProcess] Task app.tasks.price_collector.sync_all_prices[dbed74e5-0327-45fe-a215-20017ea58cbd] received
[2025-08-09 00:22:00,454: INFO/MainProcess] Starting sync_all_prices task dbed74e5-0327-45fe-a215-20017ea58cbd
[2025-08-09 00:22:00,454: INFO/MainProcess] Starting current price synchronization
[2025-08-09 00:22:00,454: INFO/MainProcess] Starting cryptocurrency price sync
[2025-08-09 00:22:01,233: WARNING/MainProcess] Request error, retrying in 1 seconds: [Errno 11001] Name or service not known
[2025-08-09 00:22:01,311: INFO/MainProcess] Task app.tasks.price_collector.sync_all_prices[d17fa516-c138-45f1-9743-44c163ad893a] received
[2025-08-09 00:22:01,327: INFO/MainProcess] Starting sync_all_prices task d17fa516-c138-45f1-9743-44c163ad893a
[2025-08-09 00:22:01,327: ERROR/MainProcess] sync_all_prices failed: Cannot run the event loop while another loop is running
[2025-08-09 00:22:01,389: INFO/MainProcess] Task app.tasks.price_collector.sync_all_prices[402756d7-91f3-4578-8f54-63ba1bf5fd9e] received
[2025-08-09 00:22:01,389: INFO/MainProcess] Starting sync_all_prices task 402756d7-91f3-4578-8f54-63ba1bf5fd9e
[2025-08-09 00:22:01,389: ERROR/MainProcess] sync_all_prices failed: Cannot run the event loop while another loop is running
[2025-08-09 00:22:01,452: INFO/MainProcess] Task app.tasks.price_collector.sync_all_prices[d17fa516-c138-45f1-9743-44c163ad893a] received
[2025-08-09 00:22:01,545: INFO/MainProcess] Task app.tasks.price_collector.sync_all_prices[d17fa516-c138-45f1-9743-44c163ad893a] retry: Retry in 60s
[2025-08-09 00:22:01,889: INFO/MainProcess] Task app.tasks.price_collector.sync_all_prices[402756d7-91f3-4578-8f54-63ba1bf5fd9e] received
[2025-08-09 00:22:02,108: INFO/MainProcess] Task app.tasks.price_collector.sync_all_prices[402756d7-91f3-4578-8f54-63ba1bf5fd9e] retry: Retry in 60s
[2025-08-09 00:22:02,249: WARNING/MainProcess] Request error, retrying in 2 seconds: [Errno 11001] Name or service not known
[2025-08-09 00:22:04,249: ERROR/MainProcess] Price sync failed: Request failed after all retries: [Errno 11001] Name or service not known
[2025-08-09 00:22:04,249: INFO/MainProcess] Price sync completed: {'success': 0, 'failed': 2, 'error': 'Request failed after all retries: [Errno 11001] Name or service not known', 'message': 'Price sync failed'}
[2025-08-09 00:22:04,249: INFO/MainProcess] sync_all_prices completed: {'success': 0, 'failed': 2, 'error': 'Request failed after all retries: [Errno 11001] Name or service not known', 'message': 'Price sync failed'}
[2025-08-09 00:22:04,467: INFO/MainProcess] Task app.tasks.price_collector.sync_all_prices[dbed74e5-0327-45fe-a215-20017ea58cbd] succeeded in 4.014999999999418s: {'task_id': 'dbed74e5-0327-45fe-a215-20017ea58cbd', 'status': 'completed', 'result': {'success': 0, 'failed': 2, 'error': 'Request failed after all retries: [Errno 11001] Name or service not known', 'message': 'Price sync failed'}, 'timestamp': '2025-08-08T20:52:04.249031'}
[2025-08-09 00:22:37,041: INFO/MainProcess] Task app.tasks.price_collector.sync_all_prices[4e416dd2-0657-4024-9a37-315f713810f9] received
[2025-08-09 00:22:37,135: INFO/MainProcess] Starting sync_all_prices task 4e416dd2-0657-4024-9a37-315f713810f9
[2025-08-09 00:22:37,135: INFO/MainProcess] Starting current price synchronization
[2025-08-09 00:22:37,135: INFO/MainProcess] Starting cryptocurrency price sync
[2025-08-09 00:22:37,151: WARNING/MainProcess] Request error, retrying in 1 seconds: [Errno 11001] Name or service not known
[2025-08-09 00:22:38,166: WARNING/MainProcess] Request error, retrying in 2 seconds: [Errno 11001] Name or service not known
[2025-08-09 00:22:40,182: ERROR/MainProcess] Price sync failed: Request failed after all retries: [Errno 11001] Name or service not known
[2025-08-09 00:22:40,182: INFO/MainProcess] Price sync completed: {'success': 0, 'failed': 2, 'error': 'Request failed after all retries: [Errno 11001] Name or service not known', 'message': 'Price sync failed'}
[2025-08-09 00:22:40,182: INFO/MainProcess] sync_all_prices completed: {'success': 0, 'failed': 2, 'error': 'Request failed after all retries: [Errno 11001] Name or service not known', 'message': 'Price sync failed'}
[2025-08-09 00:22:40,307: INFO/MainProcess] Task app.tasks.price_collector.sync_all_prices[4e416dd2-0657-4024-9a37-315f713810f9] succeeded in 3.1719999999986612s: {'task_id': '4e416dd2-0657-4024-9a37-315f713810f9', 'status': 'completed', 'result': {'success': 0, 'failed': 2, 'error': 'Request failed after all retries: [Errno 11001] Name or service not known', 'message': 'Price sync failed'}, 'timestamp': '2025-08-08T20:52:40.182386'}
[2025-08-09 00:23:00,903: INFO/MainProcess] Task app.tasks.price_collector.sync_all_prices[f4f58aed-a521-4ddb-85a4-73afeac9b285] received
[2025-08-09 00:23:00,981: INFO/MainProcess] Starting sync_all_prices task f4f58aed-a521-4ddb-85a4-73afeac9b285
[2025-08-09 00:23:00,981: INFO/MainProcess] Starting current price synchronization
[2025-08-09 00:23:00,981: INFO/MainProcess] Starting cryptocurrency price sync
[2025-08-09 00:23:00,981: WARNING/MainProcess] Request error, retrying in 1 seconds: [Errno 11001] Name or service not known
[2025-08-09 00:23:01,388: INFO/MainProcess] Starting sync_all_prices task d17fa516-c138-45f1-9743-44c163ad893a
[2025-08-09 00:23:01,388: ERROR/MainProcess] sync_all_prices failed: Cannot run the event loop while another loop is running
[2025-08-09 00:23:01,450: INFO/MainProcess] Starting sync_all_prices task 402756d7-91f3-4578-8f54-63ba1bf5fd9e
[2025-08-09 00:23:01,450: ERROR/MainProcess] sync_all_prices failed: Cannot run the event loop while another loop is running
[2025-08-09 00:23:01,544: INFO/MainProcess] Task app.tasks.price_collector.sync_all_prices[d17fa516-c138-45f1-9743-44c163ad893a] received
[2025-08-09 00:23:01,559: INFO/MainProcess] Task app.tasks.price_collector.sync_all_prices[402756d7-91f3-4578-8f54-63ba1bf5fd9e] received
[2025-08-09 00:23:01,559: INFO/MainProcess] Task app.tasks.price_collector.sync_all_prices[d17fa516-c138-45f1-9743-44c163ad893a] retry: Retry in 120s
[2025-08-09 00:23:01,669: INFO/MainProcess] Task app.tasks.price_collector.sync_all_prices[402756d7-91f3-4578-8f54-63ba1bf5fd9e] retry: Retry in 120s
[2025-08-09 00:23:01,981: WARNING/MainProcess] Request error, retrying in 2 seconds: [Errno 11001] Name or service not known
[2025-08-09 00:23:03,997: ERROR/MainProcess] Price sync failed: Request failed after all retries: [Errno 11001] Name or service not known
[2025-08-09 00:23:03,997: INFO/MainProcess] Price sync completed: {'success': 0, 'failed': 2, 'error': 'Request failed after all retries: [Errno 11001] Name or service not known', 'message': 'Price sync failed'}
[2025-08-09 00:23:03,997: INFO/MainProcess] sync_all_prices completed: {'success': 0, 'failed': 2, 'error': 'Request failed after all retries: [Errno 11001] Name or service not known', 'message': 'Price sync failed'}
[2025-08-09 00:23:04,263: INFO/MainProcess] Task app.tasks.price_collector.sync_all_prices[f4f58aed-a521-4ddb-85a4-73afeac9b285] succeeded in 3.2810000000026776s: {'task_id': 'f4f58aed-a521-4ddb-85a4-73afeac9b285', 'status': 'completed', 'result': {'success': 0, 'failed': 2, 'error': 'Request failed after all retries: [Errno 11001] Name or service not known', 'message': 'Price sync failed'}, 'timestamp': '2025-08-08T20:53:03.997415'}
