INFO:app.ml.config.persistent_registry:\U0001f504 Loading existing models on startup...
INFO:app.ml.config.persistent_registry:\U0001f4c2 Loaded 12 models from registry file
INFO:app.ml.config.persistent_registry:\U0001f4c2 Found 12 model files
INFO:app.ml.config.persistent_registry:\u2705 Startup complete: 12 models loaded
INFO:app.ml.config.persistent_registry:   From registry file: 12
INFO:app.ml.config.persistent_registry:   From file scanning: 0
INFO:app.ml.config.persistent_registry:\u2705 PersistentModelRegistry initialized with 12 models
INFO:app.ml.preprocessing.data_processor:Initialized CryptoPriceDataProcessor with standard scaling
INFO:app.ml.training.training_service:MLTrainingService initialized with existing components
INFO:app.ml.preprocessing.data_processor:Initialized CryptoPriceDataProcessor with standard scaling
INFO:app.ml.prediction.prediction_service:Redis connection established for prediction optimization
INFO:app.ml.prediction.prediction_service:Optimized prediction service initialized
 
 -------------- general_worker@DESKTOP-M6P1TMF v5.3.4 (emerald-rush)
--- ***** ----- 
-- ******* ---- Windows-10-10.0.19045-SP0 2025-08-09 02:44:46
- *** --- * --- 
- ** ---------- [config]
- ** ---------- .> app:         crypto_predict:0x2b501744e30
- ** ---------- .> transport:   redis://127.0.0.1:6379/0
- ** ---------- .> results:     redis://127.0.0.1:6379/0
- *** --- * --- .> concurrency: 1 (solo)
-- ******* ---- .> task events: ON
--- ***** ----- 
 -------------- [queues]
                .> cleanup          exchange=cleanup(direct) key=cleanup
                .> default          exchange=default(direct) key=default
                .> general          exchange=general(direct) key=general
                .> maintenance      exchange=maintenance(direct) key=maintenance

[tasks]
  . app.tasks.celery_app.debug_task
  . app.tasks.celery_app.health_check
  . app.tasks.price_collector.cleanup_old_data
  . app.tasks.price_collector.discover_new_cryptocurrencies
  . app.tasks.price_collector.get_task_status
  . app.tasks.price_collector.sync_all_prices
  . app.tasks.price_collector.sync_historical_data
  . app.tasks.price_collector.sync_specific_cryptocurrency
  . ml_tasks.auto_train_models
  . ml_tasks.cleanup_old_predictions
  . ml_tasks.evaluate_model_performance
  . ml_tasks.generate_scheduled_predictions

[2025-08-09 02:44:48,344: INFO/MainProcess] Connected to redis://127.0.0.1:6379/0
[2025-08-09 02:44:48,427: INFO/MainProcess] mingle: searching for neighbors
[2025-08-09 02:44:49,858: INFO/MainProcess] mingle: sync with 3 nodes
[2025-08-09 02:44:49,858: INFO/MainProcess] mingle: sync complete
[2025-08-09 02:44:50,462: INFO/MainProcess] general_worker@DESKTOP-M6P1TMF ready.
[2025-08-09 03:00:22,500: INFO/MainProcess] Task app.tasks.celery_app.debug_task[871f3078-2ee2-4e4c-b52a-104c94f33ed1] received
[2025-08-09 03:00:22,930: ERROR/MainProcess] Task app.tasks.celery_app.debug_task[871f3078-2ee2-4e4c-b52a-104c94f33ed1] raised unexpected: TypeError('debug_task() takes 1 positional argument but 2 were given')
Traceback (most recent call last):
  File "D:\install\Projects\crypto_predict\backend\venv\Lib\site-packages\celery\app\trace.py", line 477, in trace_task
    R = retval = fun(*args, **kwargs)
                 ^^^^^^^^^^^^^^^^^^^^
  File "D:\install\Projects\crypto_predict\backend\venv\Lib\site-packages\celery\app\trace.py", line 760, in __protected_call__
    return self.run(*args, **kwargs)
           ^^^^^^^^^^^^^^^^^^^^^^^^^
TypeError: debug_task() takes 1 positional argument but 2 were given
[2025-08-09 03:06:38,452: INFO/MainProcess] sync with data_worker@DESKTOP-M6P1TMF
[2025-08-09 03:07:47,358: INFO/MainProcess] sync with data_worker@DESKTOP-M6P1TMF
