[2025-08-09 02:09:26] Script started with arguments: start
[2025-08-09 02:09:29] Directory structure setup completed
[2025-08-09 02:09:32] notification_worker started with Solo pool (PID: 7767)
[2025-08-09 02:09:32] Script interrupted with exit code: 1
[2025-08-09 02:10:46] Script started with arguments: status
[2025-08-09 02:10:46] Script interrupted with exit code: 1
[2025-08-09 02:11:11] Script started with arguments: logs
[2025-08-09 02:11:53] Script started with arguments: debug
[2025-08-09 02:11:55] Script interrupted with exit code: 1
[2025-08-09 02:17:26] Script started with arguments: start
[2025-08-09 02:17:39] Directory structure setup completed
[2025-08-09 02:17:45] notification_worker started with Solo pool (PID: 7913)
[2025-08-09 02:17:45] Script interrupted with exit code: 1
[2025-08-09 02:17:57] Script started with arguments: help
[2025-08-09 02:18:19] Script started with arguments: fix
[2025-08-09 02:18:19] Directory structure setup completed
[2025-08-09 02:18:19] Script interrupted with exit code: 1
[2025-08-09 02:21:11] Script started with arguments: start
[2025-08-09 02:21:21] Directory structure setup completed
[2025-08-09 02:21:25] notification_worker started with Solo pool (PID: 8019)
[2025-08-09 02:21:25] Script interrupted with exit code: 1
[2025-08-09 02:22:14] Script started with arguments: fix
[2025-08-09 02:22:14] Directory structure setup completed
[2025-08-09 02:22:14] Script interrupted with exit code: 1
[2025-08-09 02:22:42] Script started with arguments: debug
[2025-08-09 02:22:45] Debug session completed - 0 errors found
[2025-08-09 02:23:10] Script started with arguments: health
[2025-08-09 02:23:11] Script interrupted with exit code: 1
