INFO:app.ml.config.persistent_registry:\U0001f504 Loading existing models on startup...
INFO:app.ml.config.persistent_registry:\U0001f4c2 Loaded 12 models from registry file
INFO:app.ml.config.persistent_registry:\U0001f4c2 Found 12 model files
INFO:app.ml.config.persistent_registry:\u2705 Startup complete: 12 models loaded
INFO:app.ml.config.persistent_registry:   From registry file: 12
INFO:app.ml.config.persistent_registry:   From file scanning: 0
INFO:app.ml.config.persistent_registry:\u2705 PersistentModelRegistry initialized with 12 models
INFO:app.ml.preprocessing.data_processor:Initialized CryptoPriceDataProcessor with standard scaling
INFO:app.ml.training.training_service:MLTrainingService initialized with existing components
INFO:app.ml.preprocessing.data_processor:Initialized CryptoPriceDataProcessor with standard scaling
INFO:app.ml.prediction.prediction_service:Redis connection established for prediction optimization
INFO:app.ml.prediction.prediction_service:Optimized prediction service initialized
 
 -------------- ml_worker@DESKTOP-M6P1TMF v5.3.4 (emerald-rush)
--- ***** ----- 
-- ******* ---- Windows-10-10.0.19045-SP0 2025-08-07 13:57:28
- *** --- * --- 
- ** ---------- [config]
- ** ---------- .> app:         crypto_predict:0x2b0ccd0f170
- ** ---------- .> transport:   redis://localhost:6379/0
- ** ---------- .> results:     redis://localhost:6379/0
- *** --- * --- .> concurrency: 1 (prefork)
-- ******* ---- .> task events: ON
--- ***** ----- 
 -------------- [queues]
                .> ml_tasks         exchange=ml_tasks(direct) key=ml_tasks
                

[tasks]
  . app.tasks.celery_app.debug_task
  . app.tasks.celery_app.health_check
  . app.tasks.price_collector.cleanup_old_data
  . app.tasks.price_collector.discover_new_cryptocurrencies
  . app.tasks.price_collector.get_task_status
  . app.tasks.price_collector.sync_all_prices
  . app.tasks.price_collector.sync_historical_data
  . app.tasks.price_collector.sync_specific_cryptocurrency
  . ml_tasks.auto_train_models
  . ml_tasks.cleanup_old_predictions
  . ml_tasks.evaluate_model_performance
  . ml_tasks.generate_scheduled_predictions

[2025-08-07 13:57:28,795: INFO/MainProcess] Connected to redis://localhost:6379/0
[2025-08-07 13:57:28,811: INFO/MainProcess] mingle: searching for neighbors
[2025-08-07 13:57:29,618: INFO/SpawnPoolWorker-1] child process 8812 calling self.run()
[2025-08-07 13:57:29,835: INFO/MainProcess] mingle: all alone
[2025-08-07 13:57:29,866: INFO/MainProcess] ml_worker@DESKTOP-M6P1TMF ready.
INFO:app.ml.config.persistent_registry:\U0001f504 Loading existing models on startup...
INFO:app.ml.config.persistent_registry:\U0001f4c2 Loaded 12 models from registry file
INFO:app.ml.config.persistent_registry:\U0001f4c2 Found 12 model files
INFO:app.ml.config.persistent_registry:\u2705 Startup complete: 12 models loaded
INFO:app.ml.config.persistent_registry:   From registry file: 12
INFO:app.ml.config.persistent_registry:   From file scanning: 0
INFO:app.ml.config.persistent_registry:\u2705 PersistentModelRegistry initialized with 12 models
INFO:app.ml.preprocessing.data_processor:Initialized CryptoPriceDataProcessor with standard scaling
INFO:app.ml.training.training_service:MLTrainingService initialized with existing components
INFO:app.ml.preprocessing.data_processor:Initialized CryptoPriceDataProcessor with standard scaling
INFO:app.ml.prediction.prediction_service:Redis connection established for prediction optimization
INFO:app.ml.prediction.prediction_service:Optimized prediction service initialized
[2025-08-07 13:57:40,893: INFO/SpawnPoolWorker-2] child process 7800 calling self.run()
[2025-08-07 13:57:41,340: INFO/MainProcess] sync with data_worker@DESKTOP-M6P1TMF
INFO:app.ml.config.persistent_registry:\U0001f504 Loading existing models on startup...
INFO:app.ml.config.persistent_registry:\U0001f4c2 Loaded 12 models from registry file
INFO:app.ml.config.persistent_registry:\U0001f4c2 Found 12 model files
INFO:app.ml.config.persistent_registry:\u2705 Startup complete: 12 models loaded
INFO:app.ml.config.persistent_registry:   From registry file: 12
INFO:app.ml.config.persistent_registry:   From file scanning: 0
INFO:app.ml.config.persistent_registry:\u2705 PersistentModelRegistry initialized with 12 models
INFO:app.ml.preprocessing.data_processor:Initialized CryptoPriceDataProcessor with standard scaling
INFO:app.ml.training.training_service:MLTrainingService initialized with existing components
INFO:app.ml.preprocessing.data_processor:Initialized CryptoPriceDataProcessor with standard scaling
INFO:app.ml.prediction.prediction_service:Redis connection established for prediction optimization
INFO:app.ml.prediction.prediction_service:Optimized prediction service initialized
