[2025-08-09 14:49:15] [SUCCESS] celery module available
[2025-08-09 14:49:15] [SUCCESS] redis module available
[2025-08-09 14:49:27] [SUCCESS] app.tasks.celery_app module available
[2025-08-09 14:49:29] [INFO] ⚡ Launching data_worker with Solo Pool...
[2025-08-09 14:49:33] [INFO] ⚡ Launching ml_worker with Solo Pool...
[2025-08-09 14:49:38] [INFO] ⚡ Launching notification_worker with Solo Pool...
[2025-08-09 14:49:42] [INFO] ⚡ Launching general_worker with Solo Pool...
[2025-08-09 14:56:11] [SUCCESS] celery module available
[2025-08-09 14:56:11] [SUCCESS] redis module available
[2025-08-09 14:56:16] [SUCCESS] app.tasks.celery_app module available
[2025-08-09 14:56:25] [INFO] ⚡ Launching data_worker with Solo Pool...
[2025-08-09 14:56:29] [INFO] ⚡ Launching ml_worker with Solo Pool...
[2025-08-09 14:56:34] [INFO] ⚡ Launching notification_worker with Solo Pool...
[2025-08-09 14:56:38] [INFO] ⚡ Launching general_worker with Solo Pool...
[2025-08-09 15:11:28] [SUCCESS] celery module available
[2025-08-09 15:11:28] [SUCCESS] redis module available
[2025-08-09 15:11:42] [SUCCESS] app.tasks.celery_app module available
[2025-08-09 15:11:49] [INFO] ⚡ Launching data_worker with Solo Pool...
[2025-08-09 15:11:54] [INFO] ⚡ Launching ml_worker with Solo Pool...
[2025-08-09 15:11:59] [INFO] ⚡ Launching notification_worker with Solo Pool...
[2025-08-09 15:12:03] [INFO] ⚡ Launching general_worker with Solo Pool...
[2025-08-09 15:13:31] [SUCCESS] celery module available
[2025-08-09 15:13:31] [SUCCESS] redis module available
[2025-08-09 15:13:36] [SUCCESS] app.tasks.celery_app module available
[2025-08-09 15:13:38] [INFO] ⚡ Launching data_worker with Solo Pool...
[2025-08-09 15:13:42] [INFO] ⚡ Launching ml_worker with Solo Pool...
[2025-08-09 15:13:46] [INFO] ⚡ Launching notification_worker with Solo Pool...
[2025-08-09 15:13:51] [INFO] ⚡ Launching general_worker with Solo Pool...
[2025-08-09 15:19:09] [SUCCESS] celery module available
[2025-08-09 15:19:10] [SUCCESS] redis module available
[2025-08-09 15:19:19] [SUCCESS] app.tasks.celery_app module available
[2025-08-09 15:19:21] [INFO] ⚡ Launching data_worker with Solo Pool...
[2025-08-09 15:19:26] [INFO] ⚡ Launching ml_worker with Solo Pool...
[2025-08-09 15:19:31] [INFO] ⚡ Launching notification_worker with Solo Pool...
[2025-08-09 15:19:35] [INFO] ⚡ Launching general_worker with Solo Pool...
[2025-08-09 15:20:23] [SUCCESS] celery module available
[2025-08-09 15:20:23] [SUCCESS] redis module available
[2025-08-09 15:20:27] [SUCCESS] app.tasks.celery_app module available
[2025-08-09 15:20:29] [INFO] ⚡ Launching data_worker with Solo Pool...
[2025-08-09 15:20:34] [INFO] ⚡ Launching ml_worker with Solo Pool...
[2025-08-09 15:20:38] [INFO] ⚡ Launching notification_worker with Solo Pool...
[2025-08-09 15:20:43] [INFO] ⚡ Launching general_worker with Solo Pool...
